<?xml version="1.0" encoding="UTF-8"?>
<!-- Generated by org.testng.reporters.JUnitReportReporter -->
<testsuite hostname="5CG6333HFM" name="TestCases.OauthFromUdemy" tests="3" failures="0" timestamp="16 Apr 2019 11:05:58 GMT" time="9.414" errors="0">
  <testcase name="createTweet" time="1.849" classname="TestCases.OauthFromUdemy"/>
  <testcase name="getLatestTweet" time="1.681" classname="TestCases.OauthFromUdemy"/>
  <testcase name="E2E" time="5.884" classname="TestCases.OauthFromUdemy"/>
</testsuite> <!-- TestCases.OauthFromUdemy -->
