<?xml version="1.0" encoding="UTF-8"?>
<!-- Generated by org.testng.reporters.JUnitReportReporter -->
<testsuite hostname="5CG6333HFM" name="TestCases.OAuthTest" tests="2" failures="0" timestamp="16 Apr 2019 11:16:32 GMT" time="8.549" errors="0">
  <testcase name="deleteTweet" time="6.993" classname="TestCases.OAuthTest"/>
  <testcase name="getLatestTweets" time="1.556" classname="TestCases.OAuthTest"/>
</testsuite> <!-- TestCases.OAuthTest -->
