<?xml version="1.0" encoding="UTF-8"?>
<!-- Generated by org.testng.reporters.JUnitReportReporter -->
<testsuite hostname="5CG6333HFM" name="TestCases.GetAllBooks" tests="2" failures="0" timestamp="23 Apr 2019 05:30:22 GMT" time="3.963" errors="0">
  <testcase name="getAllBooksTest" time="3.252" classname="TestCases.GetAllBooks"/>
  <testcase name="verifyErrorCode" time="0.711" classname="TestCases.GetAllBooks"/>
</testsuite> <!-- TestCases.GetAllBooks -->
