<?xml version="1.0" encoding="UTF-8"?>
<!-- Generated by org.testng.reporters.JUnitReportReporter -->
<testsuite hostname="5CG6333HFM" name="TestCases.VerifyResponseUsingJsonpath" tests="1" failures="0" timestamp="16 Apr 2019 08:09:20 GMT" time="3.775" errors="0">
  <testcase name="validateResponseWithJson" time="3.775" classname="TestCases.VerifyResponseUsingJsonpath"/>
</testsuite> <!-- TestCases.VerifyResponseUsingJsonpath -->
