<?xml version="1.0" encoding="UTF-8"?>
<!-- Generated by org.testng.reporters.JUnitReportReporter -->
<testsuite skipped="0" hostname="5CG6333HFM" name="BasicApiTest" tests="3" failures="0" timestamp="25 Apr 2019 05:30:58 GMT" time="3.497" errors="0">
  <testcase name="T01_StatusCodeTest" time="1.841" classname="BasicApiTest"/>
  <testcase name="T02_GetClients" time="0.714" classname="BasicApiTest"/>
  <testcase name="T03_GetAndroidModelPackageOptions" time="0.942" classname="BasicApiTest"/>
</testsuite> <!-- BasicApiTest -->
