<?xml version="1.0" encoding="UTF-8"?>
<!-- Generated by org.testng.reporters.JUnitReportReporter -->
<testsuite hostname="5CG6333HFM" name="TestFramework.StaticJsonPayload" tests="1" failures="0" timestamp="24 Apr 2019 08:43:59 GMT" time="3.329" errors="0">
  <testcase name="addNewEmployee" time="3.329" classname="TestFramework.StaticJsonPayload"/>
</testsuite>
