<?xml version="1.0" encoding="UTF-8"?>
<!-- Generated by org.testng.reporters.JUnitReportReporter -->
<testsuite hostname="5CG6333HFM" name="TestFramework.ParameterizedTest" tests="3" failures="0" timestamp="24 Apr 2019 08:36:10 GMT" time="2.656" errors="0">
  <testcase name="addNewEmployeeFromTestNG" time="2.493" classname="TestFramework.ParameterizedTest"/>
  <testcase name="addNewEmployeeFromTestNG" time="0.062" classname="TestFramework.ParameterizedTest"/>
  <testcase name="addNewEmployeeFromTestNG" time="0.101" classname="TestFramework.ParameterizedTest"/>
</testsuite>
