<?xml version="1.0" encoding="UTF-8"?>
<!-- Generated by org.testng.reporters.JUnitReportReporter -->
<testsuite hostname="5CG6333HFM" name="TestFramework.createjsonfromhashmap" tests="1" failures="0" timestamp="24 Apr 2019 08:53:45 GMT" time="5.267" errors="0">
  <testcase name="addemployee" time="5.267" classname="TestFramework.createjsonfromhashmap"/>
</testsuite>
